e:\projects\c++\flappybirdsfml\x64\debug\vc143.pdb
e:\projects\c++\flappybirdsfml\x64\debug\vc143.idb
e:\projects\c++\flappybirdsfml\x64\debug\region.obj
e:\projects\c++\flappybirdsfml\x64\debug\pipe.obj
e:\projects\c++\flappybirdsfml\x64\debug\obstaclesspawner.obj
e:\projects\c++\flappybirdsfml\x64\debug\obstacle.obj
e:\projects\c++\flappybirdsfml\x64\debug\main.obj
e:\projects\c++\flappybirdsfml\x64\debug\ground.obj
e:\projects\c++\flappybirdsfml\x64\debug\game.obj
e:\projects\c++\flappybirdsfml\x64\debug\counterscore.obj
e:\projects\c++\flappybirdsfml\x64\debug\consts.obj
e:\projects\c++\flappybirdsfml\x64\debug\bird.obj
e:\projects\c++\flappybirdsfml\x64\debug\background.obj
e:\projects\c++\flappybirdsfml\x64\debug\flappybirdsfml.pdb
e:\projects\c++\flappybirdsfml\x64\debug\flappybirdsfml.tlog\cl.command.1.tlog
e:\projects\c++\flappybirdsfml\x64\debug\flappybirdsfml.tlog\cl.read.1.tlog
e:\projects\c++\flappybirdsfml\x64\debug\flappybirdsfml.tlog\cl.write.1.tlog
e:\projects\c++\flappybirdsfml\x64\debug\flappybirdsfml.tlog\link-cvtres.read.1.tlog
e:\projects\c++\flappybirdsfml\x64\debug\flappybirdsfml.tlog\link-cvtres.write.1.tlog
e:\projects\c++\flappybirdsfml\x64\debug\flappybirdsfml.tlog\link-rc.read.1.tlog
e:\projects\c++\flappybirdsfml\x64\debug\flappybirdsfml.tlog\link-rc.write.1.tlog
e:\projects\c++\flappybirdsfml\x64\debug\flappybirdsfml.tlog\link.command.1.tlog
e:\projects\c++\flappybirdsfml\x64\debug\flappybirdsfml.tlog\link.read.1.tlog
e:\projects\c++\flappybirdsfml\x64\debug\flappybirdsfml.tlog\link.read.2.tlog
e:\projects\c++\flappybirdsfml\x64\debug\flappybirdsfml.tlog\link.write.1.tlog
